\BOOKMARK [1][]{section.1}{\376\377\116\000\060\001\000\040\225\356\230\230\221\315\217\360}{}% 1
\BOOKMARK [2][]{subsection.1.1}{\376\377\0001\000.\0001\000\040\225\356\230\230\200\314\146\157}{section.1}% 2
\BOOKMARK [2][]{subsection.1.2}{\376\377\0001\000.\0002\000\040\225\356\230\230\143\320\121\372}{section.1}% 3
\BOOKMARK [1][]{section.2}{\376\377\116\214\060\001\000\040\127\372\147\054\120\107\213\276}{}% 4
\BOOKMARK [1][]{section.3}{\376\377\116\011\060\001\000\040\173\046\123\367\213\364\146\016}{}% 5
\BOOKMARK [1][]{section.4}{\376\377\126\333\060\001\000\040\225\356\230\230\116\000\166\204\152\041\127\213\136\372\172\313\116\016\154\102\211\343}{}% 6
\BOOKMARK [2][]{subsection.4.1}{\376\377\0004\000.\0001\000\040\152\041\127\213\166\204\136\372\172\313}{section.4}% 7
\BOOKMARK [3][]{subsubsection.4.1.1}{\376\377\0004\000.\0001\000.\0001\000\040\000S\000p\000e\000a\000r\000m\000a\000n\166\370\121\163\140\047\122\006\147\220}{subsection.4.1}% 8
\BOOKMARK [3][]{subsubsection.4.1.2}{\376\377\0004\000.\0001\000.\0002\000\040\232\330\145\257\146\362\176\277\142\337\124\010}{subsection.4.1}% 9
\BOOKMARK [3][]{subsubsection.4.1.3}{\376\377\0004\000.\0001\000.\0003\000\040\226\104\116\366\0002\133\236\232\214\176\323\147\234\122\006\147\220}{subsection.4.1}% 10
\BOOKMARK [2][]{subsection.4.2}{\376\377\0004\000.\0002\000\040\152\041\127\213\154\102\211\343}{section.4}% 11
\BOOKMARK [3][]{subsubsection.4.2.1}{\376\377\0004\000.\0002\000.\0001\000\040\000S\000p\000e\000a\000r\000m\000a\000n\166\370\121\163\174\373\145\160}{subsection.4.2}% 12
\BOOKMARK [3][]{subsubsection.4.2.2}{\376\377\0004\000.\0002\000.\0002\000\040\232\330\145\257\142\337\124\010\146\362\176\277}{subsection.4.2}% 13
\BOOKMARK [3][]{subsubsection.4.2.3}{\376\377\0004\000.\0002\000.\0003\000\040\226\104\116\366\0002\176\323\147\234\122\006\147\220}{subsection.4.2}% 14
\BOOKMARK [1][]{section.5}{\376\377\116\224\060\001\000\040\225\356\230\230\116\214\166\204\152\041\127\213\136\372\172\313\116\016\154\102\211\343}{}% 15
\BOOKMARK [2][]{subsection.5.1}{\376\377\0005\000.\0001\000\040\225\356\230\230\166\204\122\006\147\220}{section.5}% 16
\BOOKMARK [2][]{subsection.5.2}{\376\377\0005\000.\0002\000\040\123\125\126\340\175\040\152\041\127\213\166\204\136\372\172\313\116\016\154\102\211\343}{section.5}% 17
\BOOKMARK [3][]{subsubsection.5.2.1}{\376\377\0005\000.\0002\000.\0001\000\040\116\131\221\207\217\154\123\026\163\207\116\016\120\254\123\026\122\102\176\304\124\010\121\163\174\373}{subsection.5.2}% 18
\BOOKMARK [3][]{subsubsection.5.2.2}{\376\377\0005\000.\0002\000.\0002\000\040\000C\0004\160\357\160\303\220\011\142\351\140\047\116\016\120\254\123\026\122\102\176\304\124\010\121\163\174\373}{subsection.5.2}% 19
\BOOKMARK [3][]{subsubsection.5.2.3}{\376\377\0005\000.\0002\000.\0003\000\040\000C\0004\160\357\160\303\145\066\163\207\116\016\120\254\123\026\122\102\176\304\124\010\121\163\174\373}{subsection.5.2}% 20
\BOOKMARK [2][]{subsection.5.3}{\376\377\0005\000.\0003\000\040\131\015\124\010\126\340\175\040\152\041\127\213\166\204\136\372\172\313\116\016\122\006\147\220}{section.5}% 21
\BOOKMARK [1][]{section.6}{\376\377\121\155\060\001\000\040\225\356\230\230\116\011\166\204\152\041\127\213\136\372\172\313\116\016\154\102\211\343}{}% 22
\BOOKMARK [2][]{subsection.6.1}{\376\377\0006\000.\0001\000\040\225\356\230\230\166\204\122\006\147\220}{section.6}% 23
\BOOKMARK [2][]{subsection.6.2}{\376\377\0006\000.\0002\000\040\152\041\127\213\166\204\136\372\172\313}{section.6}% 24
\BOOKMARK [3][]{subsubsection.6.2.1}{\376\377\0006\000.\0002\000.\0001\000\040\000A\000d\000a\000b\000o\000o\000s\000t\126\336\137\122\230\204\155\113\152\041\127\213\136\372\172\313}{subsection.6.2}% 25
\BOOKMARK [3][]{subsubsection.6.2.2}{\376\377\0006\000.\0002\000.\0002\000\040\116\377\167\037\000R\000S\000M\152\041\127\213\154\102\211\343\147\000\117\030\120\074\136\372\172\313}{subsection.6.2}% 26
\BOOKMARK [2][]{subsection.6.3}{\376\377\0006\000.\0003\000\040\152\041\127\213\154\102\211\343}{section.6}% 27
\BOOKMARK [3][]{subsubsection.6.3.1}{\376\377\0006\000.\0003\000.\0001\000\040\000A\000d\000a\000b\000o\000o\000s\000t\126\336\137\122\152\041\127\213\154\102\211\343}{subsection.6.3}% 28
\BOOKMARK [3][]{subsubsection.6.3.2}{\376\377\0006\000.\0003\000.\0002\000\040\116\377\167\037\000R\000S\000M\152\041\127\213\154\102\211\343}{subsection.6.3}% 29
\BOOKMARK [3][]{subsubsection.6.3.3}{\376\377\0006\000.\0003\000.\0003\000\040\116\377\167\037\000R\000S\000M\152\041\127\213\176\323\147\234\122\006\147\220}{subsection.6.3}% 30
\BOOKMARK [2][]{subsection.6.4}{\376\377\0006\000.\0004\000\040\0003\0005\0000\136\246\116\013\166\204\120\254\123\026\122\102\147\000\117\030\176\304\124\010}{section.6}% 31
\BOOKMARK [1][]{section.7}{\376\377\116\003\060\001\000\040\225\356\230\230\126\333\166\204\152\041\127\213\136\372\172\313\116\016\122\006\147\220}{}% 32
\BOOKMARK [2][]{subsection.7.1}{\376\377\0007\000.\0001\000\040\153\143\116\244\213\276\213\241\213\325\232\214\145\271\150\110}{section.7}% 33
\BOOKMARK [2][]{subsection.7.2}{\376\377\0007\000.\0002\000\040\127\107\123\000\213\325\232\214\213\276\213\241\145\271\150\110}{section.7}% 34
\BOOKMARK [2][]{subsection.7.3}{\376\377\0007\000.\0003\000\040\232\214\213\301\147\000\117\030\120\254\123\026\122\102\176\304\124\010}{section.7}% 35
\BOOKMARK [2][]{subsection.7.4}{\376\377\0007\000.\0004\000\040\217\333\116\000\153\145\122\006\147\220\000C\0004\160\357\160\303\145\066\163\207\116\016\116\131\221\207\155\123\136\246\121\163\174\373}{section.7}% 36
\BOOKMARK [2][]{subsection.7.5}{\376\377\0007\000.\0005\000\040\120\254\123\026\122\102\000H\000A\000P\133\371\161\147\213\276\213\241}{section.7}% 37
\BOOKMARK [1][]{section.8}{\376\377\121\153\060\001\000\040\152\041\127\213\166\204\213\304\116\367}{}% 38
\BOOKMARK [2][]{subsection.8.1}{\376\377\0008\000.\0001\000\040\142\337\124\010\152\041\127\213}{section.8}% 39
\BOOKMARK [3][]{subsubsection.8.1.1}{\376\377\0008\000.\0001\000.\0001\000\040\232\330\145\257\142\337\124\010\152\041\127\213}{subsection.8.1}% 40
\BOOKMARK [3][]{subsubsection.8.1.2}{\376\377\0008\000.\0001\000.\0002\000\040\143\007\145\160\142\337\124\010\152\041\127\213}{subsection.8.1}% 41
\BOOKMARK [3][]{subsubsection.8.1.3}{\376\377\0008\000.\0001\000.\0003\000\040\131\032\230\171\137\017\142\337\124\010\152\041\127\213}{subsection.8.1}% 42
\BOOKMARK [2][]{subsection.8.2}{\376\377\0008\000.\0002\000\040\176\304\124\010\117\030\123\026\000-\230\204\155\113\152\041\127\213}{section.8}% 43
\BOOKMARK [3][]{subsubsection.8.2.1}{\376\377\0008\000.\0002\000.\0001\000\040\000A\000d\000a\000b\000o\000o\000s\000t\126\336\137\122\152\041\127\213}{subsection.8.2}% 44
\BOOKMARK [3][]{subsubsection.8.2.2}{\376\377\0008\000.\0002\000.\0002\000\040\000R\000S\000M\152\041\127\213}{subsection.8.2}% 45
\BOOKMARK [3][]{subsubsection.8.2.3}{\376\377\0008\000.\0002\000.\0003\000\040\000B\000B\000D\152\041\127\213}{subsection.8.2}% 46
\BOOKMARK [2][]{subsection.8.3}{\376\377\0008\000.\0003\000\040\122\006\147\220\152\041\127\213}{section.8}% 47
\BOOKMARK [3][]{subsubsection.8.3.1}{\376\377\0008\000.\0003\000.\0001\000\040\000S\000p\000e\000a\000r\000m\000a\000n\166\370\121\163\122\006\147\220\152\041\127\213}{subsection.8.3}% 48
\BOOKMARK [3][]{subsubsection.8.3.2}{\376\377\0008\000.\0003\000.\0002\000\040\221\317\176\262\122\006\147\220\152\041\127\213}{subsection.8.3}% 49
\BOOKMARK [2][]{subsection.8.4}{\376\377\0008\000.\0004\000\040\213\276\213\241\152\041\127\213}{section.8}% 50
\BOOKMARK [3][]{subsubsection.8.4.1}{\376\377\0008\000.\0004\000.\0001\000\040\153\143\116\244\213\276\213\241\166\204\145\271\135\356\122\006\147\220\152\041\127\213}{subsection.8.4}% 51
\BOOKMARK [2][]{subsection.8.5}{\376\377\0008\000.\0005\000\040\127\107\123\000\133\236\232\214\213\276\213\241\152\041\127\213}{section.8}% 52
\BOOKMARK [1][]{section*.76}{\376\377\123\302\200\003\145\207\163\056}{}% 53
\BOOKMARK [1][]{appendix.a.A}{\376\377\226\104\137\125\000\040\000A\000\040\145\057\144\221\147\120\145\231}{}% 54
\BOOKMARK [1][]{appendix.a.B}{\376\377\226\104\137\125\000\040\000B\000\040\000C\000o\142\337\124\010\213\241\173\227\000.\000m\040\023\000m\000a\000t\000l\000a\000b\000\040\156\220\172\013\136\217}{}% 55
\BOOKMARK [1][]{appendix.a.C}{\376\377\226\104\137\125\000\040\000C\000\040\176\304\121\205\156\051\136\246\122\006\147\220\000.\000m\040\023\000m\000a\000t\000l\000a\000b\000\040\156\220\172\013\136\217}{}% 56
\BOOKMARK [1][]{appendix.a.D}{\376\377\226\104\137\125\000\040\000D\000\040\210\305\145\231\153\324\142\337\124\010\213\241\173\227\000.\000m\040\023\000m\000a\000t\000l\000a\000b\000\040\156\220\172\013\136\217}{}% 57
\BOOKMARK [1][]{appendix.a.E}{\376\377\226\104\137\125\000\040\000E\000\040\116\131\221\207\155\123\136\246\142\337\124\010\213\241\173\227\000.\000m\040\023\000m\000a\000t\000l\000a\000b\000\040\156\220\172\013\136\217}{}% 58
\BOOKMARK [1][]{appendix.a.F}{\376\377\226\104\137\125\000\040\000F\000\040\226\104\116\366\116\214\142\337\124\010\213\241\173\227\000.\000m\040\023\000m\000a\000t\000l\000a\000b\000\040\156\220\172\013\136\217}{}% 59
\BOOKMARK [1][]{appendix.a.G}{\376\377\226\104\137\125\000\040\000G\000\040\120\254\123\026\122\102\215\050\221\317\116\113\124\214\142\337\124\010\213\241\173\227\000.\000m\040\023\000m\000a\000t\000l\000a\000b\000\040\156\220\172\013\136\217}{}% 60
